<?xml version="1.0" encoding="UTF-8"?>
<!-- Generated by org.testng.reporters.JUnitReportReporter -->
<testsuite hostname="LAPTOP-9783QT15" failures="0" tests="1" name="com.amazon.e2e.Dropdown" time="6.180" errors="0" timestamp="2023-04-12T08:02:45 IST" skipped="0">
  <testcase classname="com.amazon.e2e.Dropdown" name="selectDropDownList" time="6.180"/>
  <system-out/>
</testsuite> <!-- com.amazon.e2e.Dropdown -->
