<?xml version="1.0" encoding="UTF-8"?>
<!-- Generated by org.testng.reporters.JUnitReportReporter -->
<testsuite hostname="LAPTOP-9783QT15" failures="0" tests="1" name="com.amazon.e2e.LaunchChrome" time="0.280" errors="0" timestamp="2023-04-07T02:36:51 IST" skipped="0">
  <testcase classname="com.amazon.e2e.LaunchChrome" name="fillForm" time="0.280"/>
  <system-out/>
</testsuite> <!-- com.amazon.e2e.LaunchChrome -->
