<?xml version="1.0" encoding="UTF-8"?>
<!-- Generated by org.testng.reporters.JUnitReportReporter -->
<testsuite hostname="LAPTOP-9783QT15" failures="0" tests="1" name="com.amazon.e2e.WIndowSwitching2" time="0.078" errors="0" timestamp="2023-04-17T17:56:59 IST" skipped="0">
  <testcase classname="com.amazon.e2e.WIndowSwitching2" name="testWindowSwitching" time="0.078"/>
  <system-out/>
</testsuite> <!-- com.amazon.e2e.WIndowSwitching2 -->
