<?xml version="1.0" encoding="UTF-8"?>
<!-- Generated by org.testng.reporters.JUnitReportReporter -->
<testsuite hostname="LAPTOP-9783QT15" failures="0" tests="1" name="com.amazon.e2e.FindLink" time="0.225" errors="0" timestamp="2023-04-13T03:24:43 IST" skipped="0">
  <testcase classname="com.amazon.e2e.FindLink" name="findbBrokenUrl" time="0.225"/>
  <system-out/>
</testsuite> <!-- com.amazon.e2e.FindLink -->
