<?xml version="1.0" encoding="UTF-8"?>
<!-- Generated by org.testng.reporters.JUnitReportReporter -->
<testsuite hostname="LAPTOP-9783QT15" failures="0" tests="1" name="com.amazon.e2e.WindowSwitching" time="2.885" errors="0" timestamp="2023-04-16T04:09:34 IST" skipped="0">
  <testcase classname="com.amazon.e2e.WindowSwitching" name="testWindowSwitching" time="2.885"/>
  <system-out/>
</testsuite> <!-- com.amazon.e2e.WindowSwitching -->
