<?xml version="1.0" encoding="UTF-8"?>
<!-- Generated by org.testng.reporters.JUnitReportReporter -->
<testsuite hostname="LAPTOP-9783QT15" failures="0" tests="1" name="com.amazon.e2e.TestAlert" time="6.067" errors="0" timestamp="2023-04-13T02:43:13 IST" skipped="0">
  <testcase classname="com.amazon.e2e.TestAlert" name="testAlert" time="6.067"/>
  <system-out/>
</testsuite> <!-- com.amazon.e2e.TestAlert -->
