<?xml version="1.0" encoding="UTF-8"?>
<!-- Generated by org.testng.reporters.JUnitReportReporter -->
<testsuite hostname="LAPTOP-9783QT15" failures="0" tests="1" name="com.amazon.e2e.Test1" time="0.005" errors="0" timestamp="2023-04-04T20:25:14 IST" skipped="0">
  <testcase classname="com.amazon.e2e.Test1" name="signUp" time="0.005"/>
  <system-out/>
</testsuite> <!-- com.amazon.e2e.Test1 -->
